INFO: [VRFC 10-2263] Analyzing Verilog file "D:/workspace/vivado/xiPU/xiPU.sim/sim_1/synth/timing/xsim/cpu_tb_time_synth.v" into library xil_defaultlib
INFO: [VRFC 10-311] analyzing module RAM256X1S_UNIQ_BASE_
INFO: [VRFC 10-311] analyzing module RAM256X1S_HD1000
INFO: [VRFC 10-311] analyzing module RAM256X1S_HD1001
INFO: [VRFC 10-311] analyzing module RAM256X1S_HD1002
INFO: [VRFC 10-311] analyzing module RAM256X1S_HD1003
INFO: [VRFC 10-311] analyzing module RAM256X1S_HD1004
INFO: [VRFC 10-311] analyzing module RAM256X1S_HD1005
INFO: [VRFC 10-311] analyzing module RAM256X1S_HD1006
INFO: [VRFC 10-311] analyzing module RAM256X1S_HD1007
INFO: [VRFC 10-311] analyzing module RAM256X1S_HD1008
INFO: [VRFC 10-311] analyzing module RAM256X1S_HD1009
INFO: [VRFC 10-311] analyzing module RAM256X1S_HD1010
INFO: [VRFC 10-311] analyzing module RAM256X1S_HD1011
INFO: [VRFC 10-311] analyzing module RAM256X1S_HD1012
INFO: [VRFC 10-311] analyzing module RAM256X1S_HD1013
INFO: [VRFC 10-311] analyzing module RAM256X1S_HD1014
INFO: [VRFC 10-311] analyzing module RAM256X1S_HD1015
INFO: [VRFC 10-311] analyzing module RAM256X1S_HD1016
INFO: [VRFC 10-311] analyzing module RAM256X1S_HD1017
INFO: [VRFC 10-311] analyzing module RAM256X1S_HD1018
INFO: [VRFC 10-311] analyzing module RAM256X1S_HD1019
INFO: [VRFC 10-311] analyzing module RAM256X1S_HD1020
INFO: [VRFC 10-311] analyzing module RAM256X1S_HD1021
INFO: [VRFC 10-311] analyzing module RAM256X1S_HD1022
INFO: [VRFC 10-311] analyzing module RAM256X1S_HD1023
INFO: [VRFC 10-311] analyzing module RAM256X1S_HD1024
INFO: [VRFC 10-311] analyzing module RAM256X1S_HD1025
INFO: [VRFC 10-311] analyzing module RAM256X1S_HD1026
INFO: [VRFC 10-311] analyzing module RAM256X1S_HD1027
INFO: [VRFC 10-311] analyzing module RAM256X1S_HD1028
INFO: [VRFC 10-311] analyzing module RAM256X1S_HD1029
INFO: [VRFC 10-311] analyzing module RAM256X1S_HD1030
INFO: [VRFC 10-311] analyzing module RAM256X1S_HD1031
INFO: [VRFC 10-311] analyzing module RAM256X1S_HD1032
INFO: [VRFC 10-311] analyzing module RAM256X1S_HD1033
INFO: [VRFC 10-311] analyzing module RAM256X1S_HD1034
INFO: [VRFC 10-311] analyzing module RAM256X1S_HD1035
INFO: [VRFC 10-311] analyzing module RAM256X1S_HD1036
INFO: [VRFC 10-311] analyzing module RAM256X1S_HD1037
INFO: [VRFC 10-311] analyzing module RAM256X1S_HD1038
INFO: [VRFC 10-311] analyzing module RAM256X1S_HD1039
INFO: [VRFC 10-311] analyzing module RAM256X1S_HD1040
INFO: [VRFC 10-311] analyzing module RAM256X1S_HD1041
INFO: [VRFC 10-311] analyzing module RAM256X1S_HD1042
INFO: [VRFC 10-311] analyzing module RAM256X1S_HD1043
INFO: [VRFC 10-311] analyzing module RAM256X1S_HD1044
INFO: [VRFC 10-311] analyzing module RAM256X1S_HD1045
INFO: [VRFC 10-311] analyzing module RAM256X1S_HD1046
INFO: [VRFC 10-311] analyzing module RAM256X1S_HD1047
INFO: [VRFC 10-311] analyzing module RAM256X1S_HD1048
INFO: [VRFC 10-311] analyzing module RAM256X1S_HD1049
INFO: [VRFC 10-311] analyzing module RAM256X1S_HD1050
INFO: [VRFC 10-311] analyzing module RAM256X1S_HD1051
INFO: [VRFC 10-311] analyzing module RAM256X1S_HD1052
INFO: [VRFC 10-311] analyzing module RAM256X1S_HD1053
INFO: [VRFC 10-311] analyzing module RAM256X1S_HD1054
INFO: [VRFC 10-311] analyzing module RAM256X1S_HD1055
INFO: [VRFC 10-311] analyzing module RAM256X1S_HD1056
INFO: [VRFC 10-311] analyzing module RAM256X1S_HD1057
INFO: [VRFC 10-311] analyzing module RAM256X1S_HD1058
INFO: [VRFC 10-311] analyzing module RAM256X1S_HD1059
INFO: [VRFC 10-311] analyzing module RAM256X1S_HD1060
INFO: [VRFC 10-311] analyzing module RAM256X1S_HD1061
INFO: [VRFC 10-311] analyzing module RAM256X1S_HD1062
INFO: [VRFC 10-311] analyzing module RAM256X1S_HD1063
INFO: [VRFC 10-311] analyzing module RAM256X1S_HD1064
INFO: [VRFC 10-311] analyzing module RAM256X1S_HD1065
INFO: [VRFC 10-311] analyzing module RAM256X1S_HD1066
INFO: [VRFC 10-311] analyzing module RAM256X1S_HD1067
INFO: [VRFC 10-311] analyzing module RAM256X1S_HD1068
INFO: [VRFC 10-311] analyzing module RAM256X1S_HD1069
INFO: [VRFC 10-311] analyzing module RAM256X1S_HD1070
INFO: [VRFC 10-311] analyzing module RAM256X1S_HD1071
INFO: [VRFC 10-311] analyzing module RAM256X1S_HD1072
INFO: [VRFC 10-311] analyzing module RAM256X1S_HD1073
INFO: [VRFC 10-311] analyzing module RAM256X1S_HD1074
INFO: [VRFC 10-311] analyzing module RAM256X1S_HD1075
INFO: [VRFC 10-311] analyzing module RAM256X1S_HD1076
INFO: [VRFC 10-311] analyzing module RAM256X1S_HD1077
INFO: [VRFC 10-311] analyzing module RAM256X1S_HD1078
INFO: [VRFC 10-311] analyzing module RAM256X1S_HD1079
INFO: [VRFC 10-311] analyzing module RAM256X1S_HD1080
INFO: [VRFC 10-311] analyzing module RAM256X1S_HD1081
INFO: [VRFC 10-311] analyzing module RAM256X1S_HD1082
INFO: [VRFC 10-311] analyzing module RAM256X1S_HD1083
INFO: [VRFC 10-311] analyzing module RAM256X1S_HD1084
INFO: [VRFC 10-311] analyzing module RAM256X1S_HD574
INFO: [VRFC 10-311] analyzing module RAM256X1S_HD575
INFO: [VRFC 10-311] analyzing module RAM256X1S_HD576
INFO: [VRFC 10-311] analyzing module RAM256X1S_HD577
INFO: [VRFC 10-311] analyzing module RAM256X1S_HD578
INFO: [VRFC 10-311] analyzing module RAM256X1S_HD579
INFO: [VRFC 10-311] analyzing module RAM256X1S_HD580
INFO: [VRFC 10-311] analyzing module RAM256X1S_HD581
INFO: [VRFC 10-311] analyzing module RAM256X1S_HD582
INFO: [VRFC 10-311] analyzing module RAM256X1S_HD583
INFO: [VRFC 10-311] analyzing module RAM256X1S_HD584
INFO: [VRFC 10-311] analyzing module RAM256X1S_HD585
INFO: [VRFC 10-311] analyzing module RAM256X1S_HD586
INFO: [VRFC 10-311] analyzing module RAM256X1S_HD587
INFO: [VRFC 10-311] analyzing module RAM256X1S_HD588
INFO: [VRFC 10-311] analyzing module RAM256X1S_HD589
INFO: [VRFC 10-311] analyzing module RAM256X1S_HD590
INFO: [VRFC 10-311] analyzing module RAM256X1S_HD591
INFO: [VRFC 10-311] analyzing module RAM256X1S_HD592
INFO: [VRFC 10-311] analyzing module RAM256X1S_HD593
INFO: [VRFC 10-311] analyzing module RAM256X1S_HD594
INFO: [VRFC 10-311] analyzing module RAM256X1S_HD595
INFO: [VRFC 10-311] analyzing module RAM256X1S_HD596
INFO: [VRFC 10-311] analyzing module RAM256X1S_HD597
INFO: [VRFC 10-311] analyzing module RAM256X1S_HD598
INFO: [VRFC 10-311] analyzing module RAM256X1S_HD599
INFO: [VRFC 10-311] analyzing module RAM256X1S_HD600
INFO: [VRFC 10-311] analyzing module RAM256X1S_HD601
INFO: [VRFC 10-311] analyzing module RAM256X1S_HD602
INFO: [VRFC 10-311] analyzing module RAM256X1S_HD603
INFO: [VRFC 10-311] analyzing module RAM256X1S_HD604
INFO: [VRFC 10-311] analyzing module RAM256X1S_HD605
INFO: [VRFC 10-311] analyzing module RAM256X1S_HD606
INFO: [VRFC 10-311] analyzing module RAM256X1S_HD607
INFO: [VRFC 10-311] analyzing module RAM256X1S_HD608
INFO: [VRFC 10-311] analyzing module RAM256X1S_HD609
INFO: [VRFC 10-311] analyzing module RAM256X1S_HD610
INFO: [VRFC 10-311] analyzing module RAM256X1S_HD611
INFO: [VRFC 10-311] analyzing module RAM256X1S_HD612
INFO: [VRFC 10-311] analyzing module RAM256X1S_HD613
INFO: [VRFC 10-311] analyzing module RAM256X1S_HD614
INFO: [VRFC 10-311] analyzing module RAM256X1S_HD615
INFO: [VRFC 10-311] analyzing module RAM256X1S_HD616
INFO: [VRFC 10-311] analyzing module RAM256X1S_HD617
INFO: [VRFC 10-311] analyzing module RAM256X1S_HD618
INFO: [VRFC 10-311] analyzing module RAM256X1S_HD619
INFO: [VRFC 10-311] analyzing module RAM256X1S_HD620
INFO: [VRFC 10-311] analyzing module RAM256X1S_HD621
INFO: [VRFC 10-311] analyzing module RAM256X1S_HD622
INFO: [VRFC 10-311] analyzing module RAM256X1S_HD623
INFO: [VRFC 10-311] analyzing module RAM256X1S_HD624
INFO: [VRFC 10-311] analyzing module RAM256X1S_HD625
INFO: [VRFC 10-311] analyzing module RAM256X1S_HD626
INFO: [VRFC 10-311] analyzing module RAM256X1S_HD627
INFO: [VRFC 10-311] analyzing module RAM256X1S_HD628
INFO: [VRFC 10-311] analyzing module RAM256X1S_HD629
INFO: [VRFC 10-311] analyzing module RAM256X1S_HD630
INFO: [VRFC 10-311] analyzing module RAM256X1S_HD631
INFO: [VRFC 10-311] analyzing module RAM256X1S_HD632
INFO: [VRFC 10-311] analyzing module RAM256X1S_HD633
INFO: [VRFC 10-311] analyzing module RAM256X1S_HD634
INFO: [VRFC 10-311] analyzing module RAM256X1S_HD635
INFO: [VRFC 10-311] analyzing module RAM256X1S_HD636
INFO: [VRFC 10-311] analyzing module RAM256X1S_HD637
INFO: [VRFC 10-311] analyzing module RAM256X1S_HD638
INFO: [VRFC 10-311] analyzing module RAM256X1S_HD639
INFO: [VRFC 10-311] analyzing module RAM256X1S_HD640
INFO: [VRFC 10-311] analyzing module RAM256X1S_HD641
INFO: [VRFC 10-311] analyzing module RAM256X1S_HD642
INFO: [VRFC 10-311] analyzing module RAM256X1S_HD643
INFO: [VRFC 10-311] analyzing module RAM256X1S_HD644
INFO: [VRFC 10-311] analyzing module RAM256X1S_HD645
INFO: [VRFC 10-311] analyzing module RAM256X1S_HD646
INFO: [VRFC 10-311] analyzing module RAM256X1S_HD647
INFO: [VRFC 10-311] analyzing module RAM256X1S_HD648
INFO: [VRFC 10-311] analyzing module RAM256X1S_HD649
INFO: [VRFC 10-311] analyzing module RAM256X1S_HD650
INFO: [VRFC 10-311] analyzing module RAM256X1S_HD651
INFO: [VRFC 10-311] analyzing module RAM256X1S_HD652
INFO: [VRFC 10-311] analyzing module RAM256X1S_HD653
INFO: [VRFC 10-311] analyzing module RAM256X1S_HD654
INFO: [VRFC 10-311] analyzing module RAM256X1S_HD655
INFO: [VRFC 10-311] analyzing module RAM256X1S_HD656
INFO: [VRFC 10-311] analyzing module RAM256X1S_HD657
INFO: [VRFC 10-311] analyzing module RAM256X1S_HD658
INFO: [VRFC 10-311] analyzing module RAM256X1S_HD659
INFO: [VRFC 10-311] analyzing module RAM256X1S_HD660
INFO: [VRFC 10-311] analyzing module RAM256X1S_HD661
INFO: [VRFC 10-311] analyzing module RAM256X1S_HD662
INFO: [VRFC 10-311] analyzing module RAM256X1S_HD663
INFO: [VRFC 10-311] analyzing module RAM256X1S_HD664
INFO: [VRFC 10-311] analyzing module RAM256X1S_HD665
INFO: [VRFC 10-311] analyzing module RAM256X1S_HD666
INFO: [VRFC 10-311] analyzing module RAM256X1S_HD667
INFO: [VRFC 10-311] analyzing module RAM256X1S_HD668
INFO: [VRFC 10-311] analyzing module RAM256X1S_HD669
INFO: [VRFC 10-311] analyzing module RAM256X1S_HD670
INFO: [VRFC 10-311] analyzing module RAM256X1S_HD671
INFO: [VRFC 10-311] analyzing module RAM256X1S_HD672
INFO: [VRFC 10-311] analyzing module RAM256X1S_HD673
INFO: [VRFC 10-311] analyzing module RAM256X1S_HD674
INFO: [VRFC 10-311] analyzing module RAM256X1S_HD675
INFO: [VRFC 10-311] analyzing module RAM256X1S_HD676
INFO: [VRFC 10-311] analyzing module RAM256X1S_HD677
INFO: [VRFC 10-311] analyzing module RAM256X1S_HD678
INFO: [VRFC 10-311] analyzing module RAM256X1S_HD679
INFO: [VRFC 10-311] analyzing module RAM256X1S_HD680
INFO: [VRFC 10-311] analyzing module RAM256X1S_HD681
INFO: [VRFC 10-311] analyzing module RAM256X1S_HD682
INFO: [VRFC 10-311] analyzing module RAM256X1S_HD683
INFO: [VRFC 10-311] analyzing module RAM256X1S_HD684
INFO: [VRFC 10-311] analyzing module RAM256X1S_HD685
INFO: [VRFC 10-311] analyzing module RAM256X1S_HD686
INFO: [VRFC 10-311] analyzing module RAM256X1S_HD687
INFO: [VRFC 10-311] analyzing module RAM256X1S_HD688
INFO: [VRFC 10-311] analyzing module RAM256X1S_HD689
INFO: [VRFC 10-311] analyzing module RAM256X1S_HD690
INFO: [VRFC 10-311] analyzing module RAM256X1S_HD691
INFO: [VRFC 10-311] analyzing module RAM256X1S_HD692
INFO: [VRFC 10-311] analyzing module RAM256X1S_HD693
INFO: [VRFC 10-311] analyzing module RAM256X1S_HD694
INFO: [VRFC 10-311] analyzing module RAM256X1S_HD695
INFO: [VRFC 10-311] analyzing module RAM256X1S_HD696
INFO: [VRFC 10-311] analyzing module RAM256X1S_HD697
INFO: [VRFC 10-311] analyzing module RAM256X1S_HD698
INFO: [VRFC 10-311] analyzing module RAM256X1S_HD699
INFO: [VRFC 10-311] analyzing module RAM256X1S_HD700
INFO: [VRFC 10-311] analyzing module RAM256X1S_HD701
INFO: [VRFC 10-311] analyzing module RAM256X1S_HD702
INFO: [VRFC 10-311] analyzing module RAM256X1S_HD703
INFO: [VRFC 10-311] analyzing module RAM256X1S_HD704
INFO: [VRFC 10-311] analyzing module RAM256X1S_HD705
INFO: [VRFC 10-311] analyzing module RAM256X1S_HD706
INFO: [VRFC 10-311] analyzing module RAM256X1S_HD707
INFO: [VRFC 10-311] analyzing module RAM256X1S_HD708
INFO: [VRFC 10-311] analyzing module RAM256X1S_HD709
INFO: [VRFC 10-311] analyzing module RAM256X1S_HD710
INFO: [VRFC 10-311] analyzing module RAM256X1S_HD711
INFO: [VRFC 10-311] analyzing module RAM256X1S_HD712
INFO: [VRFC 10-311] analyzing module RAM256X1S_HD713
INFO: [VRFC 10-311] analyzing module RAM256X1S_HD714
INFO: [VRFC 10-311] analyzing module RAM256X1S_HD715
INFO: [VRFC 10-311] analyzing module RAM256X1S_HD716
INFO: [VRFC 10-311] analyzing module RAM256X1S_HD717
INFO: [VRFC 10-311] analyzing module RAM256X1S_HD718
INFO: [VRFC 10-311] analyzing module RAM256X1S_HD719
INFO: [VRFC 10-311] analyzing module RAM256X1S_HD720
INFO: [VRFC 10-311] analyzing module RAM256X1S_HD721
INFO: [VRFC 10-311] analyzing module RAM256X1S_HD722
INFO: [VRFC 10-311] analyzing module RAM256X1S_HD723
INFO: [VRFC 10-311] analyzing module RAM256X1S_HD724
INFO: [VRFC 10-311] analyzing module RAM256X1S_HD725
INFO: [VRFC 10-311] analyzing module RAM256X1S_HD726
INFO: [VRFC 10-311] analyzing module RAM256X1S_HD727
INFO: [VRFC 10-311] analyzing module RAM256X1S_HD728
INFO: [VRFC 10-311] analyzing module RAM256X1S_HD729
INFO: [VRFC 10-311] analyzing module RAM256X1S_HD730
INFO: [VRFC 10-311] analyzing module RAM256X1S_HD731
INFO: [VRFC 10-311] analyzing module RAM256X1S_HD732
INFO: [VRFC 10-311] analyzing module RAM256X1S_HD733
INFO: [VRFC 10-311] analyzing module RAM256X1S_HD734
INFO: [VRFC 10-311] analyzing module RAM256X1S_HD735
INFO: [VRFC 10-311] analyzing module RAM256X1S_HD736
INFO: [VRFC 10-311] analyzing module RAM256X1S_HD737
INFO: [VRFC 10-311] analyzing module RAM256X1S_HD738
INFO: [VRFC 10-311] analyzing module RAM256X1S_HD739
INFO: [VRFC 10-311] analyzing module RAM256X1S_HD740
INFO: [VRFC 10-311] analyzing module RAM256X1S_HD741
INFO: [VRFC 10-311] analyzing module RAM256X1S_HD742
INFO: [VRFC 10-311] analyzing module RAM256X1S_HD743
INFO: [VRFC 10-311] analyzing module RAM256X1S_HD744
INFO: [VRFC 10-311] analyzing module RAM256X1S_HD745
INFO: [VRFC 10-311] analyzing module RAM256X1S_HD746
INFO: [VRFC 10-311] analyzing module RAM256X1S_HD747
INFO: [VRFC 10-311] analyzing module RAM256X1S_HD748
INFO: [VRFC 10-311] analyzing module RAM256X1S_HD749
INFO: [VRFC 10-311] analyzing module RAM256X1S_HD750
INFO: [VRFC 10-311] analyzing module RAM256X1S_HD751
INFO: [VRFC 10-311] analyzing module RAM256X1S_HD752
INFO: [VRFC 10-311] analyzing module RAM256X1S_HD753
INFO: [VRFC 10-311] analyzing module RAM256X1S_HD754
INFO: [VRFC 10-311] analyzing module RAM256X1S_HD755
INFO: [VRFC 10-311] analyzing module RAM256X1S_HD756
INFO: [VRFC 10-311] analyzing module RAM256X1S_HD757
INFO: [VRFC 10-311] analyzing module RAM256X1S_HD758
INFO: [VRFC 10-311] analyzing module RAM256X1S_HD759
INFO: [VRFC 10-311] analyzing module RAM256X1S_HD760
INFO: [VRFC 10-311] analyzing module RAM256X1S_HD761
INFO: [VRFC 10-311] analyzing module RAM256X1S_HD762
INFO: [VRFC 10-311] analyzing module RAM256X1S_HD763
INFO: [VRFC 10-311] analyzing module RAM256X1S_HD764
INFO: [VRFC 10-311] analyzing module RAM256X1S_HD765
INFO: [VRFC 10-311] analyzing module RAM256X1S_HD766
INFO: [VRFC 10-311] analyzing module RAM256X1S_HD767
INFO: [VRFC 10-311] analyzing module RAM256X1S_HD768
INFO: [VRFC 10-311] analyzing module RAM256X1S_HD769
INFO: [VRFC 10-311] analyzing module RAM256X1S_HD770
INFO: [VRFC 10-311] analyzing module RAM256X1S_HD771
INFO: [VRFC 10-311] analyzing module RAM256X1S_HD772
INFO: [VRFC 10-311] analyzing module RAM256X1S_HD773
INFO: [VRFC 10-311] analyzing module RAM256X1S_HD774
INFO: [VRFC 10-311] analyzing module RAM256X1S_HD775
INFO: [VRFC 10-311] analyzing module RAM256X1S_HD776
INFO: [VRFC 10-311] analyzing module RAM256X1S_HD777
INFO: [VRFC 10-311] analyzing module RAM256X1S_HD778
INFO: [VRFC 10-311] analyzing module RAM256X1S_HD779
INFO: [VRFC 10-311] analyzing module RAM256X1S_HD780
INFO: [VRFC 10-311] analyzing module RAM256X1S_HD781
INFO: [VRFC 10-311] analyzing module RAM256X1S_HD782
INFO: [VRFC 10-311] analyzing module RAM256X1S_HD783
INFO: [VRFC 10-311] analyzing module RAM256X1S_HD784
INFO: [VRFC 10-311] analyzing module RAM256X1S_HD785
INFO: [VRFC 10-311] analyzing module RAM256X1S_HD786
INFO: [VRFC 10-311] analyzing module RAM256X1S_HD787
INFO: [VRFC 10-311] analyzing module RAM256X1S_HD788
INFO: [VRFC 10-311] analyzing module RAM256X1S_HD789
INFO: [VRFC 10-311] analyzing module RAM256X1S_HD790
INFO: [VRFC 10-311] analyzing module RAM256X1S_HD791
INFO: [VRFC 10-311] analyzing module RAM256X1S_HD792
INFO: [VRFC 10-311] analyzing module RAM256X1S_HD793
INFO: [VRFC 10-311] analyzing module RAM256X1S_HD794
INFO: [VRFC 10-311] analyzing module RAM256X1S_HD795
INFO: [VRFC 10-311] analyzing module RAM256X1S_HD796
INFO: [VRFC 10-311] analyzing module RAM256X1S_HD797
INFO: [VRFC 10-311] analyzing module RAM256X1S_HD798
INFO: [VRFC 10-311] analyzing module RAM256X1S_HD799
INFO: [VRFC 10-311] analyzing module RAM256X1S_HD800
INFO: [VRFC 10-311] analyzing module RAM256X1S_HD801
INFO: [VRFC 10-311] analyzing module RAM256X1S_HD802
INFO: [VRFC 10-311] analyzing module RAM256X1S_HD803
INFO: [VRFC 10-311] analyzing module RAM256X1S_HD804
INFO: [VRFC 10-311] analyzing module RAM256X1S_HD805
INFO: [VRFC 10-311] analyzing module RAM256X1S_HD806
INFO: [VRFC 10-311] analyzing module RAM256X1S_HD807
INFO: [VRFC 10-311] analyzing module RAM256X1S_HD808
INFO: [VRFC 10-311] analyzing module RAM256X1S_HD809
INFO: [VRFC 10-311] analyzing module RAM256X1S_HD810
INFO: [VRFC 10-311] analyzing module RAM256X1S_HD811
INFO: [VRFC 10-311] analyzing module RAM256X1S_HD812
INFO: [VRFC 10-311] analyzing module RAM256X1S_HD813
INFO: [VRFC 10-311] analyzing module RAM256X1S_HD814
INFO: [VRFC 10-311] analyzing module RAM256X1S_HD815
INFO: [VRFC 10-311] analyzing module RAM256X1S_HD816
INFO: [VRFC 10-311] analyzing module RAM256X1S_HD817
INFO: [VRFC 10-311] analyzing module RAM256X1S_HD818
INFO: [VRFC 10-311] analyzing module RAM256X1S_HD819
INFO: [VRFC 10-311] analyzing module RAM256X1S_HD820
INFO: [VRFC 10-311] analyzing module RAM256X1S_HD821
INFO: [VRFC 10-311] analyzing module RAM256X1S_HD822
INFO: [VRFC 10-311] analyzing module RAM256X1S_HD823
INFO: [VRFC 10-311] analyzing module RAM256X1S_HD824
INFO: [VRFC 10-311] analyzing module RAM256X1S_HD825
INFO: [VRFC 10-311] analyzing module RAM256X1S_HD826
INFO: [VRFC 10-311] analyzing module RAM256X1S_HD827
INFO: [VRFC 10-311] analyzing module RAM256X1S_HD828
INFO: [VRFC 10-311] analyzing module RAM256X1S_HD829
INFO: [VRFC 10-311] analyzing module RAM256X1S_HD830
INFO: [VRFC 10-311] analyzing module RAM256X1S_HD831
INFO: [VRFC 10-311] analyzing module RAM256X1S_HD832
INFO: [VRFC 10-311] analyzing module RAM256X1S_HD833
INFO: [VRFC 10-311] analyzing module RAM256X1S_HD834
INFO: [VRFC 10-311] analyzing module RAM256X1S_HD835
INFO: [VRFC 10-311] analyzing module RAM256X1S_HD836
INFO: [VRFC 10-311] analyzing module RAM256X1S_HD837
INFO: [VRFC 10-311] analyzing module RAM256X1S_HD838
INFO: [VRFC 10-311] analyzing module RAM256X1S_HD839
INFO: [VRFC 10-311] analyzing module RAM256X1S_HD840
INFO: [VRFC 10-311] analyzing module RAM256X1S_HD841
INFO: [VRFC 10-311] analyzing module RAM256X1S_HD842
INFO: [VRFC 10-311] analyzing module RAM256X1S_HD843
INFO: [VRFC 10-311] analyzing module RAM256X1S_HD844
INFO: [VRFC 10-311] analyzing module RAM256X1S_HD845
INFO: [VRFC 10-311] analyzing module RAM256X1S_HD846
INFO: [VRFC 10-311] analyzing module RAM256X1S_HD847
INFO: [VRFC 10-311] analyzing module RAM256X1S_HD848
INFO: [VRFC 10-311] analyzing module RAM256X1S_HD849
INFO: [VRFC 10-311] analyzing module RAM256X1S_HD850
INFO: [VRFC 10-311] analyzing module RAM256X1S_HD851
INFO: [VRFC 10-311] analyzing module RAM256X1S_HD852
INFO: [VRFC 10-311] analyzing module RAM256X1S_HD853
INFO: [VRFC 10-311] analyzing module RAM256X1S_HD854
INFO: [VRFC 10-311] analyzing module RAM256X1S_HD855
INFO: [VRFC 10-311] analyzing module RAM256X1S_HD856
INFO: [VRFC 10-311] analyzing module RAM256X1S_HD857
INFO: [VRFC 10-311] analyzing module RAM256X1S_HD858
INFO: [VRFC 10-311] analyzing module RAM256X1S_HD859
INFO: [VRFC 10-311] analyzing module RAM256X1S_HD860
INFO: [VRFC 10-311] analyzing module RAM256X1S_HD861
INFO: [VRFC 10-311] analyzing module RAM256X1S_HD862
INFO: [VRFC 10-311] analyzing module RAM256X1S_HD863
INFO: [VRFC 10-311] analyzing module RAM256X1S_HD864
INFO: [VRFC 10-311] analyzing module RAM256X1S_HD865
INFO: [VRFC 10-311] analyzing module RAM256X1S_HD866
INFO: [VRFC 10-311] analyzing module RAM256X1S_HD867
INFO: [VRFC 10-311] analyzing module RAM256X1S_HD868
INFO: [VRFC 10-311] analyzing module RAM256X1S_HD869
INFO: [VRFC 10-311] analyzing module RAM256X1S_HD870
INFO: [VRFC 10-311] analyzing module RAM256X1S_HD871
INFO: [VRFC 10-311] analyzing module RAM256X1S_HD872
INFO: [VRFC 10-311] analyzing module RAM256X1S_HD873
INFO: [VRFC 10-311] analyzing module RAM256X1S_HD874
INFO: [VRFC 10-311] analyzing module RAM256X1S_HD875
INFO: [VRFC 10-311] analyzing module RAM256X1S_HD876
INFO: [VRFC 10-311] analyzing module RAM256X1S_HD877
INFO: [VRFC 10-311] analyzing module RAM256X1S_HD878
INFO: [VRFC 10-311] analyzing module RAM256X1S_HD879
INFO: [VRFC 10-311] analyzing module RAM256X1S_HD880
INFO: [VRFC 10-311] analyzing module RAM256X1S_HD881
INFO: [VRFC 10-311] analyzing module RAM256X1S_HD882
INFO: [VRFC 10-311] analyzing module RAM256X1S_HD883
INFO: [VRFC 10-311] analyzing module RAM256X1S_HD884
INFO: [VRFC 10-311] analyzing module RAM256X1S_HD885
INFO: [VRFC 10-311] analyzing module RAM256X1S_HD886
INFO: [VRFC 10-311] analyzing module RAM256X1S_HD887
INFO: [VRFC 10-311] analyzing module RAM256X1S_HD888
INFO: [VRFC 10-311] analyzing module RAM256X1S_HD889
INFO: [VRFC 10-311] analyzing module RAM256X1S_HD890
INFO: [VRFC 10-311] analyzing module RAM256X1S_HD891
INFO: [VRFC 10-311] analyzing module RAM256X1S_HD892
INFO: [VRFC 10-311] analyzing module RAM256X1S_HD893
INFO: [VRFC 10-311] analyzing module RAM256X1S_HD894
INFO: [VRFC 10-311] analyzing module RAM256X1S_HD895
INFO: [VRFC 10-311] analyzing module RAM256X1S_HD896
INFO: [VRFC 10-311] analyzing module RAM256X1S_HD897
INFO: [VRFC 10-311] analyzing module RAM256X1S_HD898
INFO: [VRFC 10-311] analyzing module RAM256X1S_HD899
INFO: [VRFC 10-311] analyzing module RAM256X1S_HD900
INFO: [VRFC 10-311] analyzing module RAM256X1S_HD901
INFO: [VRFC 10-311] analyzing module RAM256X1S_HD902
INFO: [VRFC 10-311] analyzing module RAM256X1S_HD903
INFO: [VRFC 10-311] analyzing module RAM256X1S_HD904
INFO: [VRFC 10-311] analyzing module RAM256X1S_HD905
INFO: [VRFC 10-311] analyzing module RAM256X1S_HD906
INFO: [VRFC 10-311] analyzing module RAM256X1S_HD907
INFO: [VRFC 10-311] analyzing module RAM256X1S_HD908
INFO: [VRFC 10-311] analyzing module RAM256X1S_HD909
INFO: [VRFC 10-311] analyzing module RAM256X1S_HD910
INFO: [VRFC 10-311] analyzing module RAM256X1S_HD911
INFO: [VRFC 10-311] analyzing module RAM256X1S_HD912
INFO: [VRFC 10-311] analyzing module RAM256X1S_HD913
INFO: [VRFC 10-311] analyzing module RAM256X1S_HD914
INFO: [VRFC 10-311] analyzing module RAM256X1S_HD915
INFO: [VRFC 10-311] analyzing module RAM256X1S_HD916
INFO: [VRFC 10-311] analyzing module RAM256X1S_HD917
INFO: [VRFC 10-311] analyzing module RAM256X1S_HD918
INFO: [VRFC 10-311] analyzing module RAM256X1S_HD919
INFO: [VRFC 10-311] analyzing module RAM256X1S_HD920
INFO: [VRFC 10-311] analyzing module RAM256X1S_HD921
INFO: [VRFC 10-311] analyzing module RAM256X1S_HD922
INFO: [VRFC 10-311] analyzing module RAM256X1S_HD923
INFO: [VRFC 10-311] analyzing module RAM256X1S_HD924
INFO: [VRFC 10-311] analyzing module RAM256X1S_HD925
INFO: [VRFC 10-311] analyzing module RAM256X1S_HD926
INFO: [VRFC 10-311] analyzing module RAM256X1S_HD927
INFO: [VRFC 10-311] analyzing module RAM256X1S_HD928
INFO: [VRFC 10-311] analyzing module RAM256X1S_HD929
INFO: [VRFC 10-311] analyzing module RAM256X1S_HD930
INFO: [VRFC 10-311] analyzing module RAM256X1S_HD931
INFO: [VRFC 10-311] analyzing module RAM256X1S_HD932
INFO: [VRFC 10-311] analyzing module RAM256X1S_HD933
INFO: [VRFC 10-311] analyzing module RAM256X1S_HD934
INFO: [VRFC 10-311] analyzing module RAM256X1S_HD935
INFO: [VRFC 10-311] analyzing module RAM256X1S_HD936
INFO: [VRFC 10-311] analyzing module RAM256X1S_HD937
INFO: [VRFC 10-311] analyzing module RAM256X1S_HD938
INFO: [VRFC 10-311] analyzing module RAM256X1S_HD939
INFO: [VRFC 10-311] analyzing module RAM256X1S_HD940
INFO: [VRFC 10-311] analyzing module RAM256X1S_HD941
INFO: [VRFC 10-311] analyzing module RAM256X1S_HD942
INFO: [VRFC 10-311] analyzing module RAM256X1S_HD943
INFO: [VRFC 10-311] analyzing module RAM256X1S_HD944
INFO: [VRFC 10-311] analyzing module RAM256X1S_HD945
INFO: [VRFC 10-311] analyzing module RAM256X1S_HD946
INFO: [VRFC 10-311] analyzing module RAM256X1S_HD947
INFO: [VRFC 10-311] analyzing module RAM256X1S_HD948
INFO: [VRFC 10-311] analyzing module RAM256X1S_HD949
INFO: [VRFC 10-311] analyzing module RAM256X1S_HD950
INFO: [VRFC 10-311] analyzing module RAM256X1S_HD951
INFO: [VRFC 10-311] analyzing module RAM256X1S_HD952
INFO: [VRFC 10-311] analyzing module RAM256X1S_HD953
INFO: [VRFC 10-311] analyzing module RAM256X1S_HD954
INFO: [VRFC 10-311] analyzing module RAM256X1S_HD955
INFO: [VRFC 10-311] analyzing module RAM256X1S_HD956
INFO: [VRFC 10-311] analyzing module RAM256X1S_HD957
INFO: [VRFC 10-311] analyzing module RAM256X1S_HD958
INFO: [VRFC 10-311] analyzing module RAM256X1S_HD959
INFO: [VRFC 10-311] analyzing module RAM256X1S_HD960
INFO: [VRFC 10-311] analyzing module RAM256X1S_HD961
INFO: [VRFC 10-311] analyzing module RAM256X1S_HD962
INFO: [VRFC 10-311] analyzing module RAM256X1S_HD963
INFO: [VRFC 10-311] analyzing module RAM256X1S_HD964
INFO: [VRFC 10-311] analyzing module RAM256X1S_HD965
INFO: [VRFC 10-311] analyzing module RAM256X1S_HD966
INFO: [VRFC 10-311] analyzing module RAM256X1S_HD967
INFO: [VRFC 10-311] analyzing module RAM256X1S_HD968
INFO: [VRFC 10-311] analyzing module RAM256X1S_HD969
INFO: [VRFC 10-311] analyzing module RAM256X1S_HD970
INFO: [VRFC 10-311] analyzing module RAM256X1S_HD971
INFO: [VRFC 10-311] analyzing module RAM256X1S_HD972
INFO: [VRFC 10-311] analyzing module RAM256X1S_HD973
INFO: [VRFC 10-311] analyzing module RAM256X1S_HD974
INFO: [VRFC 10-311] analyzing module RAM256X1S_HD975
INFO: [VRFC 10-311] analyzing module RAM256X1S_HD976
INFO: [VRFC 10-311] analyzing module RAM256X1S_HD977
INFO: [VRFC 10-311] analyzing module RAM256X1S_HD978
INFO: [VRFC 10-311] analyzing module RAM256X1S_HD979
INFO: [VRFC 10-311] analyzing module RAM256X1S_HD980
INFO: [VRFC 10-311] analyzing module RAM256X1S_HD981
INFO: [VRFC 10-311] analyzing module RAM256X1S_HD982
INFO: [VRFC 10-311] analyzing module RAM256X1S_HD983
INFO: [VRFC 10-311] analyzing module RAM256X1S_HD984
INFO: [VRFC 10-311] analyzing module RAM256X1S_HD985
INFO: [VRFC 10-311] analyzing module RAM256X1S_HD986
INFO: [VRFC 10-311] analyzing module RAM256X1S_HD987
INFO: [VRFC 10-311] analyzing module RAM256X1S_HD988
INFO: [VRFC 10-311] analyzing module RAM256X1S_HD989
INFO: [VRFC 10-311] analyzing module RAM256X1S_HD990
INFO: [VRFC 10-311] analyzing module RAM256X1S_HD991
INFO: [VRFC 10-311] analyzing module RAM256X1S_HD992
INFO: [VRFC 10-311] analyzing module RAM256X1S_HD993
INFO: [VRFC 10-311] analyzing module RAM256X1S_HD994
INFO: [VRFC 10-311] analyzing module RAM256X1S_HD995
INFO: [VRFC 10-311] analyzing module RAM256X1S_HD996
INFO: [VRFC 10-311] analyzing module RAM256X1S_HD997
INFO: [VRFC 10-311] analyzing module RAM256X1S_HD998
INFO: [VRFC 10-311] analyzing module RAM256X1S_HD999
INFO: [VRFC 10-311] analyzing module RAM32X1S_UNIQ_BASE_
INFO: [VRFC 10-311] analyzing module RAM32X1S_HD543
INFO: [VRFC 10-311] analyzing module RAM32X1S_HD544
INFO: [VRFC 10-311] analyzing module RAM32X1S_HD545
INFO: [VRFC 10-311] analyzing module RAM32X1S_HD546
INFO: [VRFC 10-311] analyzing module RAM32X1S_HD547
INFO: [VRFC 10-311] analyzing module RAM32X1S_HD548
INFO: [VRFC 10-311] analyzing module RAM32X1S_HD549
INFO: [VRFC 10-311] analyzing module RAM32X1S_HD550
INFO: [VRFC 10-311] analyzing module RAM32X1S_HD551
INFO: [VRFC 10-311] analyzing module RAM32X1S_HD552
INFO: [VRFC 10-311] analyzing module RAM32X1S_HD553
INFO: [VRFC 10-311] analyzing module RAM32X1S_HD554
INFO: [VRFC 10-311] analyzing module RAM32X1S_HD555
INFO: [VRFC 10-311] analyzing module RAM32X1S_HD556
INFO: [VRFC 10-311] analyzing module RAM32X1S_HD557
INFO: [VRFC 10-311] analyzing module RAM32X1S_HD558
INFO: [VRFC 10-311] analyzing module RAM32X1S_HD559
INFO: [VRFC 10-311] analyzing module RAM32X1S_HD560
INFO: [VRFC 10-311] analyzing module RAM32X1S_HD561
INFO: [VRFC 10-311] analyzing module RAM32X1S_HD562
INFO: [VRFC 10-311] analyzing module RAM32X1S_HD563
INFO: [VRFC 10-311] analyzing module RAM32X1S_HD564
INFO: [VRFC 10-311] analyzing module RAM32X1S_HD565
INFO: [VRFC 10-311] analyzing module RAM32X1S_HD566
INFO: [VRFC 10-311] analyzing module RAM32X1S_HD567
INFO: [VRFC 10-311] analyzing module RAM32X1S_HD568
INFO: [VRFC 10-311] analyzing module RAM32X1S_HD569
INFO: [VRFC 10-311] analyzing module RAM32X1S_HD570
INFO: [VRFC 10-311] analyzing module RAM32X1S_HD571
INFO: [VRFC 10-311] analyzing module RAM32X1S_HD572
INFO: [VRFC 10-311] analyzing module RAM32X1S_HD573
INFO: [VRFC 10-311] analyzing module alu
INFO: [VRFC 10-311] analyzing module cpu
INFO: [VRFC 10-311] analyzing module iram
INFO: [VRFC 10-311] analyzing module npc
INFO: [VRFC 10-311] analyzing module pc
INFO: [VRFC 10-311] analyzing module pcPlusData
INFO: [VRFC 10-311] analyzing module pclkDiv
INFO: [VRFC 10-311] analyzing module ram
INFO: [VRFC 10-311] analyzing module regfile
INFO: [VRFC 10-311] analyzing module sccomp_dataflow
INFO: [VRFC 10-311] analyzing module iram__dist_mem_gen_v8_0_12
INFO: [VRFC 10-311] analyzing module iram__dist_mem_gen_v8_0_12_synth
INFO: [VRFC 10-311] analyzing module iram__rom
INFO: [VRFC 10-311] analyzing module glbl
INFO: [VRFC 10-2263] Analyzing Verilog file "D:/workspace/vivado/xiPU/xiPU.srcs/sources_1/new/alu.v" into library xil_defaultlib
INFO: [VRFC 10-311] analyzing module alu
WARNING: [VRFC 10-3609] overwriting previous definition of module 'alu' [D:/workspace/vivado/xiPU/xiPU.srcs/sources_1/new/alu.v:4]
INFO: [VRFC 10-2263] Analyzing Verilog file "D:/workspace/vivado/xiPU/xiPU.srcs/sources_1/new/clkDivider.v" into library xil_defaultlib
INFO: [VRFC 10-311] analyzing module clkDivider
INFO: [VRFC 10-2263] Analyzing Verilog file "D:/workspace/vivado/xiPU/xiPU.srcs/sources_1/new/control.v" into library xil_defaultlib
INFO: [VRFC 10-311] analyzing module control
INFO: [VRFC 10-2263] Analyzing Verilog file "D:/workspace/vivado/xiPU/xiPU.srcs/sources_1/new/cpu.v" into library xil_defaultlib
INFO: [VRFC 10-311] analyzing module cpu
WARNING: [VRFC 10-3609] overwriting previous definition of module 'cpu' [D:/workspace/vivado/xiPU/xiPU.srcs/sources_1/new/cpu.v:3]
INFO: [VRFC 10-2263] Analyzing Verilog file "D:/workspace/vivado/xiPU/xiPU.srcs/sources_1/new/decoder.v" into library xil_defaultlib
INFO: [VRFC 10-311] analyzing module decoder
INFO: [VRFC 10-2263] Analyzing Verilog file "D:/workspace/vivado/xiPU/xiPU.srcs/sources_1/new/extend.v" into library xil_defaultlib
INFO: [VRFC 10-311] analyzing module extend
INFO: [VRFC 10-2263] Analyzing Verilog file "D:/workspace/vivado/xiPU/xiPU.srcs/sources_1/new/mux2.v" into library xil_defaultlib
INFO: [VRFC 10-311] analyzing module mux2
INFO: [VRFC 10-2263] Analyzing Verilog file "D:/workspace/vivado/xiPU/xiPU.srcs/sources_1/new/mux4.v" into library xil_defaultlib
INFO: [VRFC 10-311] analyzing module mux4
INFO: [VRFC 10-2263] Analyzing Verilog file "D:/workspace/vivado/xiPU/xiPU.srcs/sources_1/new/mux5bit.v" into library xil_defaultlib
INFO: [VRFC 10-311] analyzing module mux5bit
INFO: [VRFC 10-2263] Analyzing Verilog file "D:/workspace/vivado/xiPU/xiPU.srcs/sources_1/new/npc.v" into library xil_defaultlib
INFO: [VRFC 10-311] analyzing module npc
WARNING: [VRFC 10-3609] overwriting previous definition of module 'npc' [D:/workspace/vivado/xiPU/xiPU.srcs/sources_1/new/npc.v:2]
INFO: [VRFC 10-2263] Analyzing Verilog file "D:/workspace/vivado/xiPU/xiPU.srcs/sources_1/new/pc.v" into library xil_defaultlib
INFO: [VRFC 10-311] analyzing module pc
WARNING: [VRFC 10-3609] overwriting previous definition of module 'pc' [D:/workspace/vivado/xiPU/xiPU.srcs/sources_1/new/pc.v:3]
INFO: [VRFC 10-2263] Analyzing Verilog file "D:/workspace/vivado/xiPU/xiPU.srcs/sources_1/new/pcPlusData.v" into library xil_defaultlib
INFO: [VRFC 10-311] analyzing module pcPlusData
WARNING: [VRFC 10-3609] overwriting previous definition of module 'pcPlusData' [D:/workspace/vivado/xiPU/xiPU.srcs/sources_1/new/pcPlusData.v:2]
INFO: [VRFC 10-2263] Analyzing Verilog file "D:/workspace/vivado/xiPU/xiPU.srcs/sources_1/new/pclkDiv.v" into library xil_defaultlib
INFO: [VRFC 10-311] analyzing module pclkDiv
WARNING: [VRFC 10-3609] overwriting previous definition of module 'pclkDiv' [D:/workspace/vivado/xiPU/xiPU.srcs/sources_1/new/pclkDiv.v:3]
INFO: [VRFC 10-2263] Analyzing Verilog file "D:/workspace/vivado/xiPU/xiPU.srcs/sources_1/new/ram.v" into library xil_defaultlib
INFO: [VRFC 10-311] analyzing module ram
WARNING: [VRFC 10-3609] overwriting previous definition of module 'ram' [D:/workspace/vivado/xiPU/xiPU.srcs/sources_1/new/ram.v:3]
INFO: [VRFC 10-2263] Analyzing Verilog file "D:/workspace/vivado/xiPU/xiPU.srcs/sources_1/new/regfile.v" into library xil_defaultlib
INFO: [VRFC 10-311] analyzing module regfile
WARNING: [VRFC 10-3609] overwriting previous definition of module 'regfile' [D:/workspace/vivado/xiPU/xiPU.srcs/sources_1/new/regfile.v:3]
INFO: [VRFC 10-2263] Analyzing Verilog file "D:/workspace/vivado/xiPU/xiPU.srcs/sim_1/new/cpu_tb.v" into library xil_defaultlib
INFO: [VRFC 10-311] analyzing module cpu_tb
